==15421== Memcheck, a memory error detector
==15421== Copyright (C) 2002-2015, and GNU GPL'd, by Julian Seward et al.
==15421== Using Valgrind-3.11.0 and LibVEX; rerun with -h for copyright info
==15421== Command: main
==15421== 
==15421== Syscall param writev(vector[...]) points to uninitialised byte(s)
==15421==    at 0x5286D80: __writev_nocancel (in /usr/lib64/libc-2.23.so)
==15421==    by 0x65CB24C: ??? (in /usr/lib64/libxcb.so.1.1.0)
==15421==    by 0x65CB64C: ??? (in /usr/lib64/libxcb.so.1.1.0)
==15421==    by 0x65CB6CC: xcb_writev (in /usr/lib64/libxcb.so.1.1.0)
==15421==    by 0x62C2DB5: _XSend (in /usr/lib64/libX11.so.6.3.0)
==15421==    by 0x62C32C1: _XReply (in /usr/lib64/libX11.so.6.3.0)
==15421==    by 0x62ADD1E: XInternAtom (in /usr/lib64/libX11.so.6.3.0)
==15421==    by 0x4F35AEC: SetWindowBordered (SDL_x11window.c:349)
==15421==    by 0x4F35AEC: X11_CreateWindow (SDL_x11window.c:521)
==15421==    by 0x4EFD2DB: SDL_CreateWindow_REAL (SDL_video.c:1475)
==15421==    by 0x4EFCCC6: ShouldUseTextureFramebuffer (SDL_video.c:220)
==15421==    by 0x4EFCCC6: SDL_VideoInit_REAL (SDL_video.c:544)
==15421==    by 0x4E4AEB6: SDL_InitSubSystem_REAL (SDL.c:170)
==15421==    by 0x4E4AEB6: SDL_Init_REAL (SDL.c:241)
==15421==    by 0x4027D3: main (main_sdl.c:378)
==15421==  Address 0x5ee6733 is 35 bytes inside a block of size 16,384 alloc'd
==15421==    at 0x4C2DA60: calloc (vg_replace_malloc.c:711)
==15421==    by 0x62B2E62: XOpenDisplay (in /usr/lib64/libX11.so.6.3.0)
==15421==    by 0x4F3396F: X11_CreateDevice (SDL_x11video.c:194)
==15421==    by 0x4EFCFCB: SDL_VideoInit_REAL (SDL_video.c:505)
==15421==    by 0x4E4AEB6: SDL_InitSubSystem_REAL (SDL.c:170)
==15421==    by 0x4E4AEB6: SDL_Init_REAL (SDL.c:241)
==15421==    by 0x4027D3: main (main_sdl.c:378)
==15421== 
==15421== Invalid write of size 4
==15421==    at 0x4EADF35: uncopy_opaque_16 (SDL_RLEaccel.c:918)
==15421==    by 0x4EB83C0: UnRLEAlpha (SDL_RLEaccel.c:1511)
==15421==    by 0x4EB83C0: SDL_UnRLESurface (SDL_RLEaccel.c:1566)
==15421==    by 0x4EF0991: SDL_MapSurface (SDL_pixels.c:1000)
==15421==    by 0x4EF511B: SDL_LowerBlit_REAL (SDL_surface.c:583)
==15421==    by 0x4EF511B: SDL_ConvertSurface_REAL (SDL_surface.c:992)
==15421==    by 0x4E83468: SDL_CreateTextureFromSurface_REAL (SDL_render.c:646)
==15421==    by 0x4084F1: rendergraph_bitmap_get_texture (prismelrenderer.c:740)
==15421==    by 0x4021B5: mainloop (main_sdl.c:247)
==15421==    by 0x4028BE: main (main_sdl.c:399)
==15421==  Address 0x5f9eb60 is 16 bytes after a block of size 256 alloc'd
==15421==    at 0x4C2BBAD: malloc (vg_replace_malloc.c:299)
==15421==    by 0x4EAB962: SDL_malloc_REAL (SDL_malloc.c:5328)
==15421==    by 0x4EB8244: UnRLEAlpha (SDL_RLEaccel.c:1487)
==15421==    by 0x4EB8244: SDL_UnRLESurface (SDL_RLEaccel.c:1566)
==15421==    by 0x4EF0991: SDL_MapSurface (SDL_pixels.c:1000)
==15421==    by 0x4EF511B: SDL_LowerBlit_REAL (SDL_surface.c:583)
==15421==    by 0x4EF511B: SDL_ConvertSurface_REAL (SDL_surface.c:992)
==15421==    by 0x4E83468: SDL_CreateTextureFromSurface_REAL (SDL_render.c:646)
==15421==    by 0x4084F1: rendergraph_bitmap_get_texture (prismelrenderer.c:740)
==15421==    by 0x4021B5: mainloop (main_sdl.c:247)
==15421==    by 0x4028BE: main (main_sdl.c:399)
==15421== 
==15421== Invalid write of size 4
==15421==    at 0x4EAE1D2: uncopy_transl_16 (SDL_RLEaccel.c:978)
==15421==    by 0x4EB8427: UnRLEAlpha (SDL_RLEaccel.c:1529)
==15421==    by 0x4EB8427: SDL_UnRLESurface (SDL_RLEaccel.c:1566)
==15421==    by 0x4EF0991: SDL_MapSurface (SDL_pixels.c:1000)
==15421==    by 0x4EF511B: SDL_LowerBlit_REAL (SDL_surface.c:583)
==15421==    by 0x4EF511B: SDL_ConvertSurface_REAL (SDL_surface.c:992)
==15421==    by 0x4E83468: SDL_CreateTextureFromSurface_REAL (SDL_render.c:646)
==15421==    by 0x4084F1: rendergraph_bitmap_get_texture (prismelrenderer.c:740)
==15421==    by 0x4021B5: mainloop (main_sdl.c:247)
==15421==    by 0x4028BE: main (main_sdl.c:399)
==15421==  Address 0x5fa72d8 is 2,120 bytes inside a block of size 4,096 free'd
==15421==    at 0x4C2CD5A: free (vg_replace_malloc.c:530)
==15421==    by 0x40FB038: ??? (in /usr/lib64/libudev.so.1.6.4)
==15421==    by 0x40F0B5C: udev_device_unref (in /usr/lib64/libudev.so.1.6.4)
==15421==    by 0xFE51182: ??? (in /usr/lib64/libGL.so.1.2.0)
==15421==    by 0xFE50264: ??? (in /usr/lib64/libGL.so.1.2.0)
==15421==    by 0xFE22FF8: ??? (in /usr/lib64/libGL.so.1.2.0)
==15421==    by 0xFE1F2AA: ??? (in /usr/lib64/libGL.so.1.2.0)
==15421==    by 0xFE1F412: glXChooseVisual (in /usr/lib64/libGL.so.1.2.0)
==15421==    by 0x4F31BCA: X11_GL_GetVisual (SDL_x11opengl.c:606)
==15421==    by 0x4F31BCA: X11_GL_InitExtensions (SDL_x11opengl.c:342)
==15421==    by 0x4F31BCA: X11_GL_LoadLibrary (SDL_x11opengl.c:235)
==15421==    by 0x4EFD186: SDL_GL_LoadLibrary_REAL (SDL_video.c:2792)
==15421==    by 0x4EFD186: SDL_CreateWindow_REAL (SDL_video.c:1389)
==15421==    by 0x4EFCCC6: ShouldUseTextureFramebuffer (SDL_video.c:220)
==15421==    by 0x4EFCCC6: SDL_VideoInit_REAL (SDL_video.c:544)
==15421==    by 0x4E4AEB6: SDL_InitSubSystem_REAL (SDL.c:170)
==15421==    by 0x4E4AEB6: SDL_Init_REAL (SDL.c:241)
==15421==  Block was alloc'd at
==15421==    at 0x4C2BBAD: malloc (vg_replace_malloc.c:299)
==15421==    by 0x51D1CBC: realpath@@GLIBC_2.3 (in /usr/lib64/libc-2.23.so)
==15421==    by 0x40FAE87: ??? (in /usr/lib64/libudev.so.1.6.4)
==15421==    by 0x40FB132: ??? (in /usr/lib64/libudev.so.1.6.4)
==15421==    by 0x40EC1A1: udev_device_new_from_syspath (in /usr/lib64/libudev.so.1.6.4)
==15421==    by 0xFE511A2: ??? (in /usr/lib64/libGL.so.1.2.0)
==15421==    by 0xFE50264: ??? (in /usr/lib64/libGL.so.1.2.0)
==15421==    by 0xFE22FF8: ??? (in /usr/lib64/libGL.so.1.2.0)
==15421==    by 0xFE1F2AA: ??? (in /usr/lib64/libGL.so.1.2.0)
==15421==    by 0xFE1F412: glXChooseVisual (in /usr/lib64/libGL.so.1.2.0)
==15421==    by 0x4F31BCA: X11_GL_GetVisual (SDL_x11opengl.c:606)
==15421==    by 0x4F31BCA: X11_GL_InitExtensions (SDL_x11opengl.c:342)
==15421==    by 0x4F31BCA: X11_GL_LoadLibrary (SDL_x11opengl.c:235)
==15421==    by 0x4EFD186: SDL_GL_LoadLibrary_REAL (SDL_video.c:2792)
==15421==    by 0x4EFD186: SDL_CreateWindow_REAL (SDL_video.c:1389)
==15421== 
==15421== Invalid read of size 1
==15421==    at 0x4EAE14F: uncopy_transl_16 (SDL_RLEaccel.c:977)
==15421==    by 0x4EB8427: UnRLEAlpha (SDL_RLEaccel.c:1529)
==15421==    by 0x4EB8427: SDL_UnRLESurface (SDL_RLEaccel.c:1566)
==15421==    by 0x4EF0991: SDL_MapSurface (SDL_pixels.c:1000)
==15421==    by 0x4EF511B: SDL_LowerBlit_REAL (SDL_surface.c:583)
==15421==    by 0x4EF511B: SDL_ConvertSurface_REAL (SDL_surface.c:992)
==15421==    by 0x4E83468: SDL_CreateTextureFromSurface_REAL (SDL_render.c:646)
==15421==    by 0x4084F1: rendergraph_bitmap_get_texture (prismelrenderer.c:740)
==15421==    by 0x4021B5: mainloop (main_sdl.c:247)
==15421==    by 0x4028BE: main (main_sdl.c:399)
==15421==  Address 0x16299c11 is 1,569 bytes inside a block of size 1,792 free'd
==15421==    at 0x4C2CD5A: free (vg_replace_malloc.c:530)
==15421==    by 0x122342EA: ??? (in /usr/lib64/dri/i965_dri.so)
==15421==    by 0x12233A69: ??? (in /usr/lib64/dri/i965_dri.so)
==15421==    by 0x12233A98: ??? (in /usr/lib64/dri/i965_dri.so)
==15421==    by 0x1222DA9F: ??? (in /usr/lib64/dri/i965_dri.so)
==15421==    by 0x1222D9EF: ??? (in /usr/lib64/dri/i965_dri.so)
==15421==    by 0x122D73AA: ??? (in /usr/lib64/dri/i965_dri.so)
==15421==    by 0x1220A45B: ??? (in /usr/lib64/dri/i965_dri.so)
==15421==    by 0x12209F57: ??? (in /usr/lib64/dri/i965_dri.so)
==15421==    by 0x1207739D: ??? (in /usr/lib64/dri/i965_dri.so)
==15421==    by 0x4E8AA0B: CompileShader (SDL_shaders_gl.c:340)
==15421==    by 0x4E8AD50: CompileShaderProgram (SDL_shaders_gl.c:394)
==15421==    by 0x4E8AD50: GL_CreateShaderContext (SDL_shaders_gl.c:495)
==15421==  Block was alloc'd at
==15421==    at 0x4C2DA60: calloc (vg_replace_malloc.c:711)
==15421==    by 0x12234951: ??? (in /usr/lib64/dri/i965_dri.so)
==15421==    by 0x12234095: ??? (in /usr/lib64/dri/i965_dri.so)
==15421==    by 0x122342EA: ??? (in /usr/lib64/dri/i965_dri.so)
==15421==    by 0x12233A69: ??? (in /usr/lib64/dri/i965_dri.so)
==15421==    by 0x12233A98: ??? (in /usr/lib64/dri/i965_dri.so)
==15421==    by 0x1222DA9F: ??? (in /usr/lib64/dri/i965_dri.so)
==15421==    by 0x1222D9EF: ??? (in /usr/lib64/dri/i965_dri.so)
==15421==    by 0x122D73AA: ??? (in /usr/lib64/dri/i965_dri.so)
==15421==    by 0x1220A45B: ??? (in /usr/lib64/dri/i965_dri.so)
==15421==    by 0x12209F57: ??? (in /usr/lib64/dri/i965_dri.so)
==15421==    by 0x1207739D: ??? (in /usr/lib64/dri/i965_dri.so)
==15421== 
==15421== Invalid read of size 4
==15421==    at 0x4EAE110: uncopy_transl_16 (SDL_RLEaccel.c:974)
==15421==    by 0x4EB8427: UnRLEAlpha (SDL_RLEaccel.c:1529)
==15421==    by 0x4EB8427: SDL_UnRLESurface (SDL_RLEaccel.c:1566)
==15421==    by 0x4EF0991: SDL_MapSurface (SDL_pixels.c:1000)
==15421==    by 0x4EF511B: SDL_LowerBlit_REAL (SDL_surface.c:583)
==15421==    by 0x4EF511B: SDL_ConvertSurface_REAL (SDL_surface.c:992)
==15421==    by 0x4E83468: SDL_CreateTextureFromSurface_REAL (SDL_render.c:646)
==15421==    by 0x4084F1: rendergraph_bitmap_get_texture (prismelrenderer.c:740)
==15421==    by 0x4021B5: mainloop (main_sdl.c:247)
==15421==    by 0x4028BE: main (main_sdl.c:399)
==15421==  Address 0x5f375e8 is 0 bytes after a block of size 200 alloc'd
==15421==    at 0x4C2DC57: realloc (vg_replace_malloc.c:785)
==15421==    by 0x4EAB9F3: SDL_realloc_REAL (SDL_malloc.c:5359)
==15421==    by 0x4EB8C8B: RLEColorkeySurface (SDL_RLEaccel.c:1393)
==15421==    by 0x4EB8C8B: SDL_RLESurface (SDL_RLEaccel.c:1441)
==15421==    by 0x4EB9617: SDL_CalculateBlit (SDL_blit.c:240)
==15421==    by 0x4EF3F3F: SDL_LowerBlit_REAL (SDL_surface.c:583)
==15421==    by 0x4EF3F3F: SDL_UpperBlit_REAL (SDL_surface.c:689)
==15421==    by 0x408392: rendergraph_render_bitmap (prismelrenderer.c:708)
==15421==    by 0x408492: rendergraph_get_or_render_bitmap (prismelrenderer.c:727)
==15421==    by 0x40210B: mainloop (main_sdl.c:235)
==15421==    by 0x4028BE: main (main_sdl.c:399)
==15421== 
==15421== 
==15421== Process terminating with default action of signal 11 (SIGSEGV): dumping core
==15421==  Bad permissions for mapped region at address 0x5A09408
==15421==    at 0x4EAE17E: uncopy_transl_16 (SDL_RLEaccel.c:977)
==15421==    by 0x4EB8427: UnRLEAlpha (SDL_RLEaccel.c:1529)
==15421==    by 0x4EB8427: SDL_UnRLESurface (SDL_RLEaccel.c:1566)
==15421==    by 0x4EF0991: SDL_MapSurface (SDL_pixels.c:1000)
==15421==    by 0x4EF511B: SDL_LowerBlit_REAL (SDL_surface.c:583)
==15421==    by 0x4EF511B: SDL_ConvertSurface_REAL (SDL_surface.c:992)
==15421==    by 0x4E83468: SDL_CreateTextureFromSurface_REAL (SDL_render.c:646)
==15421==    by 0x4084F1: rendergraph_bitmap_get_texture (prismelrenderer.c:740)
==15421==    by 0x4021B5: mainloop (main_sdl.c:247)
==15421==    by 0x4028BE: main (main_sdl.c:399)
==15421== 
==15421== HEAP SUMMARY:
==15421==     in use at exit: 30,864,401 bytes in 58,707 blocks
==15421==   total heap usage: 195,249 allocs, 136,542 frees, 112,605,827 bytes allocated
==15421== 
